  1002.0ms (setup:858): 2025-06-13 01:22:54
  1034.0ms (setup:859): /usr/bin/pipx install git-filter-repo
  1034.2ms (setup:860): pipx version is 1.4.3
  1034.4ms (setup:861): Default python interpreter is '/usr/bin/python3'
  1034.7ms (mkdir:74): creating directory /home/skryu89/.local/share/pipx/venvs
  1047.3ms (mkdir:74): creating directory /home/skryu89/.local/bin
  1049.2ms (mkdir:74): creating directory /home/skryu89/.local/share/man
  1054.3ms (mkdir:74): creating directory /home/skryu89/.cache/pipx
  1060.7ms (setup:870): Adding CACHEDIR.TAG to cache directory
  1068.1ms (package_name_from_spec:370): Determined package name: git-filter-repo
  1069.9ms (package_name_from_spec:371): Package name determined in 0.0s
  1075.8ms (run_subprocess:168): running /usr/bin/python3 -m venv --without-pip /home/skryu89/.local/share/pipx/venvs/git-filter-repo
  1935.0ms (run_subprocess:190): stdout:
  1935.2ms (run_subprocess:192): stderr:
  1935.3ms (run_subprocess:193): returncode: 0
  1937.2ms (run_subprocess:168): running /usr/bin/python3 -m venv --clear /home/skryu89/.local/share/pipx/shared
 18323.3ms (run_subprocess:190): stdout:
 18323.5ms (run_subprocess:192): stderr:
 18323.9ms (run_subprocess:193): returncode: 0
 18325.5ms (run_subprocess:168): running <checking pip's availability>
 18415.8ms (run_subprocess:190): stdout: ModuleSpec(name='pip', loader=<_frozen_importlib_external.SourceFileLoader object at 0x7cdbe0d6bf20>, origin='/home/skryu89/.local/share/pipx/shared/lib/python3.12/site-packages/pip/__init__.py', submodule_search_locations=['/home/skryu89/.local/share/pipx/shared/lib/python3.12/site-packages/pip'])
 18416.1ms (run_subprocess:193): returncode: 0
 18416.5ms (upgrade:98): Upgrading shared libraries in /home/skryu89/.local/share/pipx/shared
 18418.6ms (run_subprocess:168): running /home/skryu89/.local/share/pipx/shared/bin/python -m pip --no-input --disable-pip-version-check install --force-reinstall -q --upgrade pip >= 23.1
 25789.2ms (run_subprocess:190): stdout:
 25789.4ms (run_subprocess:192): stderr:
 25789.5ms (run_subprocess:193): returncode: 0
 25791.7ms (run_subprocess:168): running /home/skryu89/.local/share/pipx/venvs/git-filter-repo/bin/python -c import sysconfig; print(sysconfig.get_path('purelib'))
 25876.1ms (run_subprocess:190): stdout: /home/skryu89/.local/share/pipx/venvs/git-filter-repo/lib/python3.12/site-packages
 25876.2ms (run_subprocess:193): returncode: 0
 25877.0ms (run_subprocess:168): running /home/skryu89/.local/share/pipx/shared/bin/python -c import sysconfig; print(sysconfig.get_path('purelib'))
 25939.6ms (run_subprocess:190): stdout: /home/skryu89/.local/share/pipx/shared/lib/python3.12/site-packages
 25939.8ms (run_subprocess:193): returncode: 0
 25941.1ms (run_subprocess:168): running /home/skryu89/.local/share/pipx/venvs/git-filter-repo/bin/python --version
 25949.2ms (run_subprocess:190): stdout: Python 3.12.3
 25949.3ms (run_subprocess:192): stderr:
 25949.4ms (run_subprocess:193): returncode: 0
 25950.9ms (_parsed_package_to_package_or_url:137): cleaned package spec: git-filter-repo
 25951.9ms (run_subprocess:168): running /home/skryu89/.local/share/pipx/venvs/git-filter-repo/bin/python -m pip --no-input install git-filter-repo
 29144.3ms (run_subprocess:193): returncode: 0
 29146.3ms (run_subprocess:168): running <fetch_info_in_venv commands>
 29240.9ms (run_subprocess:190): stdout: {"sys_path": ["/usr/lib/python312.zip", "/usr/lib/python3.12", "/usr/lib/python3.12/lib-dynload", "/home/skryu89/.local/share/pipx/venvs/git-filter-repo/lib/python3.12/site-packages", "/home/skryu89/.local/share/pipx/shared/lib/python3.12/site-packages"], "python_version": "3.12.3", "environment": {"implementation_name": "cpython", "implementation_version": "3.12.3", "os_name": "posix", "platform_machine": "x86_64", "platform_release": "6.6.87.1-microsoft-standard-WSL2", "platform_system": "Linux", "platform_version": "#1 SMP PREEMPT_DYNAMIC Mon Apr 21 17:08:54 UTC 2025", "python_full_version": "3.12.3", "platform_python_implementation": "CPython", "python_version": "3.12", "sys_platform": "linux"}}
 29241.2ms (run_subprocess:193): returncode: 0
 29253.6ms (get_venv_metadata_for_package:339): get_venv_metadata_for_package: 108ms
 29253.9ms (_parsed_package_to_package_or_url:137): cleaned package spec: git-filter-repo
 29313.4ms (run_subprocess:168): running <checking pip's availability>
 29373.6ms (run_subprocess:190): stdout: ModuleSpec(name='pip', loader=<_frozen_importlib_external.SourceFileLoader object at 0x741fd87ffef0>, origin='/home/skryu89/.local/share/pipx/shared/lib/python3.12/site-packages/pip/__init__.py', submodule_search_locations=['/home/skryu89/.local/share/pipx/shared/lib/python3.12/site-packages/pip'])
 29373.9ms (run_subprocess:193): returncode: 0
 29374.3ms (run_subprocess:168): running <checking pip's availability>
 29432.0ms (run_subprocess:190): stdout: ModuleSpec(name='pip', loader=<_frozen_importlib_external.SourceFileLoader object at 0x7bf995aa3f20>, origin='/home/skryu89/.local/share/pipx/shared/lib/python3.12/site-packages/pip/__init__.py', submodule_search_locations=['/home/skryu89/.local/share/pipx/shared/lib/python3.12/site-packages/pip'])
 29432.2ms (run_subprocess:193): returncode: 0
 29563.7ms (warn_if_not_on_path:466): ⚠️  Note: '/home/skryu89/.local/bin' is not on your PATH environment variable. These apps will not be globally
    accessible until your PATH is updated. Run `pipx ensurepath` to automatically add it, or manually modify
    your PATH in your shell's config file (i.e. ~/.bashrc).
 29564.2ms (cli:932): pipx finished.
