0 verbose cli /usr/bin/node /usr/bin/npm
1 info using npm@9.2.0
2 info using node@v18.19.1
3 timing npm:load:whichnode Completed in 1ms
4 timing config:load:defaults Completed in 24ms
5 timing config:load:file:/usr/share/nodejs/npm/npmrc Completed in 44ms
6 timing config:load:builtin Completed in 44ms
7 timing config:load:cli Completed in 17ms
8 timing config:load:env Completed in 2ms
9 timing config:load:file:/home/skryu89/.cache/typescript/5.8/.npmrc Completed in 0ms
10 timing config:load:project Completed in 17ms
11 timing config:load:file:/home/skryu89/.npmrc Completed in 9ms
12 timing config:load:user Completed in 10ms
13 timing config:load:file:/etc/npmrc Completed in 7ms
14 timing config:load:global Completed in 7ms
15 timing config:load:setEnvs Completed in 3ms
16 timing config:load Completed in 131ms
17 timing npm:load:configload Completed in 132ms
18 timing npm:load:mkdirpcache Completed in 11ms
19 timing npm:load:mkdirplogs Completed in 1ms
20 verbose title npm install types-registry@latest
21 verbose argv "install" "--ignore-scripts" "types-registry@latest"
22 timing npm:load:setTitle Completed in 4ms
23 timing config:load:flatten Completed in 22ms
24 timing npm:load:display Completed in 25ms
25 verbose logfile logs-max:10 dir:/home/skryu89/.npm/_logs/2025-06-26T14_21_25_939Z-
26 verbose logfile /home/skryu89/.npm/_logs/2025-06-26T14_21_25_939Z-debug-0.log
27 timing npm:load:logFile Completed in 29ms
28 timing npm:load:timers Completed in 0ms
29 timing npm:load:configScope Completed in 1ms
30 timing npm:load Completed in 210ms
31 silly logfile done cleaning log files
32 timing config:load:flatten Completed in 2ms
33 timing arborist:ctor Completed in 4ms
34 timing idealTree:init Completed in 148ms
35 timing arborist:ctor Completed in 1ms
36 http fetch GET 200 https://registry.npmjs.org/types-registry 970ms (cache updated)
37 timing idealTree:userRequests Completed in 1002ms
38 silly idealTree buildDeps
39 silly fetch manifest types-registry@0.1.726
40 silly placeDep ROOT types-registry@0.1.726 REPLACE for:  want: 0.1.726
41 timing idealTree:#root Completed in 24ms
42 timing idealTree:node_modules/types-registry Completed in 0ms
43 timing idealTree:buildDeps Completed in 27ms
44 timing idealTree:fixDepFlags Completed in 1ms
45 timing idealTree Completed in 1182ms
46 timing reify:loadTrees Completed in 1192ms
47 timing reify:diffTrees Completed in 5ms
48 silly reify mark retired [ '/home/skryu89/.cache/typescript/5.8/node_modules/types-registry' ]
49 silly reify moves {
49 silly reify   '/home/skryu89/.cache/typescript/5.8/node_modules/types-registry': '/home/skryu89/.cache/typescript/5.8/node_modules/.types-registry-7zD9O1QO'
49 silly reify }
50 timing reify:retireShallow Completed in 11ms
51 timing reify:createSparse Completed in 3ms
52 timing reify:loadBundles Completed in 0ms
53 silly audit bulk request {
53 silly audit   '@types/react': [ '19.1.8' ],
53 silly audit   csstype: [ '3.1.3' ],
53 silly audit   'types-registry': [ '0.1.726' ]
53 silly audit }
54 silly tarball no local data for types-registry@https://registry.npmjs.org/types-registry/-/types-registry-0.1.726.tgz. Extracting by manifest.
55 http fetch POST 200 https://registry.npmjs.org/-/npm/v1/security/advisories/bulk 458ms
56 timing auditReport:getReport Completed in 461ms
57 silly audit report {}
58 timing auditReport:init Completed in 0ms
59 timing reify:audit Completed in 478ms
60 http fetch GET 200 https://registry.npmjs.org/types-registry/-/types-registry-0.1.726.tgz 768ms (cache miss)
61 timing reifyNode:node_modules/types-registry Completed in 805ms
62 timing reify:unpack Completed in 805ms
63 timing reify:unretire Completed in 1ms
64 timing build:queue Completed in 1ms
65 timing build:deps Completed in 3ms
66 timing build Completed in 3ms
67 timing reify:build Completed in 4ms
68 timing reify:trash Completed in 13ms
69 timing reify:save Completed in 31ms
70 timing reify Completed in 2119ms
71 silly CHANGE node_modules/types-registry
72 timing command:install Completed in 2158ms
73 verbose exit 0
74 timing npm Completed in 2601ms
75 info ok
