0 verbose cli /usr/bin/node /usr/bin/npm
1 info using npm@9.2.0
2 info using node@v18.19.1
3 timing npm:load:whichnode Completed in 2ms
4 timing config:load:defaults Completed in 30ms
5 timing config:load:file:/usr/share/nodejs/npm/npmrc Completed in 99ms
6 timing config:load:builtin Completed in 101ms
7 timing config:load:cli Completed in 46ms
8 timing config:load:env Completed in 13ms
9 timing config:load:file:/home/skryu89/.cache/typescript/5.8/.npmrc Completed in 12ms
10 timing config:load:project Completed in 30ms
11 timing config:load:file:/home/skryu89/.npmrc Completed in 0ms
12 timing config:load:user Completed in 1ms
13 timing config:load:file:/etc/npmrc Completed in 2ms
14 timing config:load:global Completed in 2ms
15 timing config:load:setEnvs Completed in 17ms
16 timing config:load Completed in 244ms
17 timing npm:load:configload Completed in 246ms
18 timing npm:load:mkdirpcache Completed in 2ms
19 timing npm:load:mkdirplogs Completed in 1ms
20 verbose title npm install @types/react@ts5.8
21 verbose argv "install" "--ignore-scripts" "@types/react@ts5.8" "--save-dev" "--user-agent" "typesInstaller/5.8.3"
22 timing npm:load:setTitle Completed in 19ms
23 timing config:load:flatten Completed in 36ms
24 timing npm:load:display Completed in 53ms
25 verbose logfile logs-max:10 dir:/home/skryu89/.npm/_logs/2025-06-26T14_21_50_877Z-
26 verbose logfile /home/skryu89/.npm/_logs/2025-06-26T14_21_50_877Z-debug-0.log
27 timing npm:load:logFile Completed in 70ms
28 timing npm:load:timers Completed in 0ms
29 timing npm:load:configScope Completed in 0ms
30 timing npm:load Completed in 395ms
31 silly logfile done cleaning log files
32 timing config:load:flatten Completed in 2ms
33 timing arborist:ctor Completed in 3ms
34 timing idealTree:init Completed in 178ms
35 timing arborist:ctor Completed in 5ms
36 http fetch GET 200 https://registry.npmjs.org/@types%2freact 1781ms (cache revalidated)
37 timing idealTree:userRequests Completed in 1907ms
38 silly idealTree buildDeps
39 silly fetch manifest @types/react@19.1.8
40 silly placeDep ROOT @types/react@19.1.8 REPLACE for:  want: 19.1.8
41 timing idealTree:#root Completed in 60ms
42 timing idealTree:node_modules/@types/react Completed in 0ms
43 timing idealTree:buildDeps Completed in 79ms
44 timing idealTree:fixDepFlags Completed in 2ms
45 timing idealTree Completed in 2580ms
46 timing reify:loadTrees Completed in 2615ms
47 timing reify:diffTrees Completed in 17ms
48 silly reify moves {}
49 timing reify:retireShallow Completed in 9ms
50 timing reify:createSparse Completed in 0ms
51 timing reify:loadBundles Completed in 0ms
52 silly audit bulk request {
52 silly audit   csstype: [ '3.1.3' ],
52 silly audit   'types-registry': [ '0.1.726' ],
52 silly audit   '@types/react': [ '19.1.8' ]
52 silly audit }
53 timing reify:unpack Completed in 1ms
54 timing reify:unretire Completed in 0ms
55 timing build:queue Completed in 0ms
56 timing build:deps Completed in 1ms
57 timing build Completed in 1ms
58 timing reify:build Completed in 3ms
59 timing reify:trash Completed in 0ms
60 timing reify:save Completed in 20ms
61 http fetch POST 200 https://registry.npmjs.org/-/npm/v1/security/advisories/bulk 312ms
62 timing auditReport:getReport Completed in 322ms
63 silly audit report {}
64 timing auditReport:init Completed in 0ms
65 timing reify:audit Completed in 326ms
66 timing reify Completed in 3040ms
67 timing command:install Completed in 3075ms
68 verbose exit 0
69 timing npm Completed in 3631ms
70 info ok
