0 verbose cli /usr/bin/node /usr/bin/npm
1 info using npm@9.2.0
2 info using node@v18.19.1
3 timing npm:load:whichnode Completed in 1ms
4 timing config:load:defaults Completed in 9ms
5 timing config:load:file:/usr/share/nodejs/npm/npmrc Completed in 7ms
6 timing config:load:builtin Completed in 8ms
7 timing config:load:cli Completed in 10ms
8 timing config:load:env Completed in 4ms
9 timing config:load:file:/home/skryu89/.cache/typescript/5.8/.npmrc Completed in 1ms
10 timing config:load:project Completed in 19ms
11 timing config:load:file:/home/skryu89/.npmrc Completed in 0ms
12 timing config:load:user Completed in 1ms
13 timing config:load:file:/etc/npmrc Completed in 6ms
14 timing config:load:global Completed in 9ms
15 timing config:load:setEnvs Completed in 3ms
16 timing config:load Completed in 68ms
17 timing npm:load:configload Completed in 69ms
18 timing npm:load:mkdirpcache Completed in 1ms
19 timing npm:load:mkdirplogs Completed in 1ms
20 verbose title npm install @types/react@ts5.8
21 verbose argv "install" "--ignore-scripts" "@types/react@ts5.8" "--save-dev" "--user-agent" "typesInstaller/5.8.3"
22 timing npm:load:setTitle Completed in 4ms
23 timing config:load:flatten Completed in 19ms
24 timing npm:load:display Completed in 31ms
25 verbose logfile logs-max:10 dir:/home/skryu89/.npm/_logs/2025-06-11T16_50_34_003Z-
26 verbose logfile /home/skryu89/.npm/_logs/2025-06-11T16_50_34_003Z-debug-0.log
27 timing npm:load:logFile Completed in 38ms
28 timing npm:load:timers Completed in 1ms
29 timing npm:load:configScope Completed in 0ms
30 timing npm:load Completed in 148ms
31 silly logfile done cleaning log files
32 timing config:load:flatten Completed in 1ms
33 timing arborist:ctor Completed in 1ms
34 timing idealTree:init Completed in 46ms
35 timing arborist:ctor Completed in 0ms
36 http fetch GET 200 https://registry.npmjs.org/@types%2freact 416ms (cache miss)
37 timing idealTree:userRequests Completed in 451ms
38 silly idealTree buildDeps
39 silly fetch manifest @types/react@19.1.8
40 silly placeDep ROOT @types/react@19.1.8 OK for:  want: 19.1.8
41 silly fetch manifest csstype@^3.0.2
42 http fetch GET 200 https://registry.npmjs.org/csstype 87ms (cache miss)
43 timing idealTree:#root Completed in 114ms
44 silly placeDep ROOT csstype@3.1.3 OK for: @types/react@19.1.8 want: ^3.0.2
45 timing idealTree:node_modules/@types/react Completed in 11ms
46 timing idealTree:node_modules/csstype Completed in 0ms
47 timing idealTree:buildDeps Completed in 129ms
48 timing idealTree:fixDepFlags Completed in 1ms
49 timing idealTree Completed in 629ms
50 timing reify:loadTrees Completed in 631ms
51 timing reify:diffTrees Completed in 3ms
52 silly reify moves {}
53 timing reify:retireShallow Completed in 3ms
54 timing reify:createSparse Completed in 6ms
55 timing reify:loadBundles Completed in 0ms
56 silly audit bulk request {
56 silly audit   'types-registry': [ '0.1.724' ],
56 silly audit   '@types/react': [ '19.1.8' ],
56 silly audit   csstype: [ '3.1.3' ]
56 silly audit }
57 silly tarball no local data for csstype@https://registry.npmjs.org/csstype/-/csstype-3.1.3.tgz. Extracting by manifest.
58 silly tarball no local data for @types/react@https://registry.npmjs.org/@types/react/-/react-19.1.8.tgz. Extracting by manifest.
59 http fetch POST 200 https://registry.npmjs.org/-/npm/v1/security/advisories/bulk 344ms
60 timing auditReport:getReport Completed in 351ms
61 silly audit report {}
62 timing auditReport:init Completed in 1ms
63 timing reify:audit Completed in 355ms
64 http fetch GET 200 https://registry.npmjs.org/csstype/-/csstype-3.1.3.tgz 781ms (cache miss)
65 timing reifyNode:node_modules/csstype Completed in 819ms
66 http fetch GET 200 https://registry.npmjs.org/@types/react/-/react-19.1.8.tgz 786ms (cache miss)
67 timing reifyNode:node_modules/@types/react Completed in 828ms
68 timing reify:unpack Completed in 830ms
69 timing reify:unretire Completed in 0ms
70 timing build:queue Completed in 1ms
71 timing build:deps Completed in 2ms
72 timing build Completed in 2ms
73 timing reify:build Completed in 3ms
74 timing reify:trash Completed in 0ms
75 timing reify:save Completed in 25ms
76 timing reify Completed in 1530ms
77 silly ADD node_modules/csstype
78 silly ADD node_modules/@types/react
79 timing command:install Completed in 1547ms
80 verbose exit 0
81 timing npm Completed in 1748ms
82 info ok
