2025-06-12 00:37:05.085 [info] [main] ログ レベル: Info
2025-06-12 00:37:05.086 [info] [main] Git の検証が検出されました: "git"
2025-06-12 00:37:05.086 [info] [main] "git" から Git "2.43.0" を使用しています
2025-06-12 00:37:05.086 [info] [Model][doInitialScan] Initial repository scan started
2025-06-12 00:37:05.086 [info] > git rev-parse --show-toplevel [65ms]
2025-06-12 00:37:05.086 [info] fatal: not a git repository (or any of the parent directories): .git
2025-06-12 00:37:05.088 [info] > git rev-parse --show-toplevel [238ms]
2025-06-12 00:37:05.089 [info] fatal: not a git repository (or any of the parent directories): .git
2025-06-12 00:37:05.208 [info] > git rev-parse --show-toplevel [5ms]
2025-06-12 00:37:05.208 [info] fatal: not a git repository (or any of the parent directories): .git
2025-06-12 00:37:05.270 [info] > git rev-parse --show-toplevel [6ms]
2025-06-12 00:37:05.270 [info] fatal: not a git repository (or any of the parent directories): .git
2025-06-12 00:37:05.341 [info] > git rev-parse --show-toplevel [8ms]
2025-06-12 00:37:05.341 [info] fatal: not a git repository (or any of the parent directories): .git
2025-06-12 00:37:05.361 [info] > git rev-parse --show-toplevel [3ms]
2025-06-12 00:37:05.361 [info] fatal: not a git repository (or any of the parent directories): .git
2025-06-12 00:37:05.383 [info] [Model][doInitialScan] Initial repository scan completed - repositories (0), closed repositories (0), parent repositories (0), unsafe repositories (0)
2025-06-12 00:43:42.625 [info] > git init -b main [262ms]
2025-06-12 00:43:42.642 [info] > git rev-parse --show-toplevel [8ms]
2025-06-12 00:43:42.671 [info] > git rev-parse --git-dir --git-common-dir [11ms]
2025-06-12 00:43:42.735 [info] [Model][openRepository] Opened repository (path): /home/skryu89
2025-06-12 00:43:42.735 [info] [Model][openRepository] Opened repository (real path): /home/skryu89
2025-06-12 00:43:42.773 [info] > git config --get commit.template [11ms]
2025-06-12 00:43:42.795 [info] [Git][getRemotes] No remotes found in the git config file
2025-06-12 00:43:42.800 [info] > git for-each-ref --format=%(refname)%00%(upstream:short)%00%(objectname)%00%(upstream:track)%00%(upstream:remotename)%00%(upstream:remoteref) refs/heads/main refs/remotes/main [16ms]
2025-06-12 00:43:42.810 [warning] [Git][getBranch] No such branch: main
2025-06-12 00:43:42.847 [info] > git for-each-ref --sort -committerdate --format %(refname)%00%(objectname)%00%(*objectname) [14ms]
2025-06-12 00:43:43.414 [info] > git status -z -uall [591ms]
2025-06-12 00:43:45.135 [info] > git for-each-ref --format=%(refname)%00%(upstream:short)%00%(objectname)%00%(upstream:track)%00%(upstream:remotename)%00%(upstream:remoteref) refs/heads/main refs/remotes/main [1269ms]
2025-06-12 00:43:45.136 [warning] [Git][getBranch] No such branch: main
2025-06-12 00:43:45.180 [error] [GitHistoryProvider][resolveHEADMergeBase] Failed to resolve merge base for main: Error: No such branch: main.
2025-06-12 00:43:46.628 [info] > git config --get commit.template [1576ms]
2025-06-12 00:43:46.643 [info] > git log --format=%H%n%aN%n%aE%n%at%n%ct%n%P%n%D%n%B -z --shortstat --diff-merges=first-parent -n50 --skip=0 --topo-order --decorate=full --stdin [59ms]
2025-06-12 00:43:46.644 [info] fatal: bad revision 'refs/heads/main'
2025-06-12 00:43:46.649 [error] [GitHistoryProvider][provideHistoryItems] Failed to get history items with options '{"historyItemRefs":["refs/heads/main"],"limit":50,"skip":0}': Failed to execute git {
  "exitCode": 128,
  "gitCommand": "log",
  "stdout": "",
  "stderr": "fatal: bad revision 'refs/heads/main'\n"
}
2025-06-12 00:43:46.660 [info] [Git][getRemotes] No remotes found in the git config file
2025-06-12 00:43:46.664 [info] > git for-each-ref --format=%(refname)%00%(upstream:short)%00%(objectname)%00%(upstream:track)%00%(upstream:remotename)%00%(upstream:remoteref) refs/heads/main refs/remotes/main [4ms]
2025-06-12 00:43:46.665 [warning] [Git][getBranch] No such branch: main
2025-06-12 00:43:46.705 [info] > git for-each-ref --sort -committerdate --format %(refname)%00%(objectname)%00%(*objectname) [2ms]
2025-06-12 00:43:46.759 [info] > git status -z -uall [82ms]
2025-06-12 00:43:47.743 [info] > git check-ignore -v -z --stdin [84ms]
2025-06-12 00:43:51.270 [info] > git check-ignore -v -z --stdin [33ms]
2025-06-12 00:43:51.834 [info] [Git][getRemotes] No remotes found in the git config file
2025-06-12 00:43:51.838 [info] > git config --get commit.template [53ms]
2025-06-12 00:43:51.840 [info] > git for-each-ref --format=%(refname)%00%(upstream:short)%00%(objectname)%00%(upstream:track)%00%(upstream:remotename)%00%(upstream:remoteref) refs/heads/main refs/remotes/main [8ms]
2025-06-12 00:43:51.840 [warning] [Git][getBranch] No such branch: main
2025-06-12 00:43:51.875 [info] > git for-each-ref --sort -committerdate --format %(refname)%00%(objectname)%00%(*objectname) [13ms]
2025-06-12 00:43:51.903 [info] > git status -z -uall [56ms]
2025-06-12 00:43:53.879 [info] > git check-ignore -v -z --stdin [19ms]
2025-06-12 00:43:56.959 [info] [Git][getRemotes] No remotes found in the git config file
2025-06-12 00:43:56.960 [info] > git config --get commit.template [10ms]
2025-06-12 00:43:56.962 [info] > git for-each-ref --format=%(refname)%00%(upstream:short)%00%(objectname)%00%(upstream:track)%00%(upstream:remotename)%00%(upstream:remoteref) refs/heads/main refs/remotes/main [4ms]
2025-06-12 00:43:56.962 [warning] [Git][getBranch] No such branch: main
2025-06-12 00:43:56.982 [info] > git for-each-ref --sort -committerdate --format %(refname)%00%(objectname)%00%(*objectname) [5ms]
2025-06-12 00:43:57.012 [info] > git status -z -uall [41ms]
2025-06-12 00:44:02.116 [info] [Git][getRemotes] No remotes found in the git config file
2025-06-12 00:44:02.124 [info] > git config --get commit.template [24ms]
2025-06-12 00:44:02.128 [info] > git for-each-ref --format=%(refname)%00%(upstream:short)%00%(objectname)%00%(upstream:track)%00%(upstream:remotename)%00%(upstream:remoteref) refs/heads/main refs/remotes/main [13ms]
2025-06-12 00:44:02.128 [warning] [Git][getBranch] No such branch: main
2025-06-12 00:44:02.185 [info] > git for-each-ref --sort -committerdate --format %(refname)%00%(objectname)%00%(*objectname) [26ms]
2025-06-12 00:44:02.221 [info] > git status -z -uall [77ms]
2025-06-12 00:44:07.317 [info] [Git][getRemotes] No remotes found in the git config file
2025-06-12 00:44:07.320 [info] > git config --get commit.template [14ms]
2025-06-12 00:44:07.322 [info] > git for-each-ref --format=%(refname)%00%(upstream:short)%00%(objectname)%00%(upstream:track)%00%(upstream:remotename)%00%(upstream:remoteref) refs/heads/main refs/remotes/main [6ms]
2025-06-12 00:44:07.322 [warning] [Git][getBranch] No such branch: main
2025-06-12 00:44:07.360 [info] > git for-each-ref --sort -committerdate --format %(refname)%00%(objectname)%00%(*objectname) [17ms]
2025-06-12 00:44:07.384 [info] > git status -z -uall [54ms]
2025-06-12 00:44:12.457 [info] [Git][getRemotes] No remotes found in the git config file
2025-06-12 00:44:12.459 [info] > git config --get commit.template [16ms]
2025-06-12 00:44:12.460 [info] > git for-each-ref --format=%(refname)%00%(upstream:short)%00%(objectname)%00%(upstream:track)%00%(upstream:remotename)%00%(upstream:remoteref) refs/heads/main refs/remotes/main [3ms]
2025-06-12 00:44:12.461 [warning] [Git][getBranch] No such branch: main
2025-06-12 00:44:12.480 [info] > git for-each-ref --sort -committerdate --format %(refname)%00%(objectname)%00%(*objectname) [1ms]
2025-06-12 00:44:12.512 [info] > git status -z -uall [44ms]
2025-06-12 00:44:18.033 [info] > git log --format=%H%n%aN%n%aE%n%at%n%ct%n%P%n%D%n%B -z --shortstat --diff-merges=first-parent -n50 --skip=0 --topo-order --decorate=full --stdin [4ms]
2025-06-12 00:44:18.034 [info] fatal: bad revision 'refs/heads/main'
2025-06-12 00:44:18.035 [error] [GitHistoryProvider][provideHistoryItems] Failed to get history items with options '{"historyItemRefs":["refs/heads/main"],"limit":50,"skip":0}': Failed to execute git {
  "exitCode": 128,
  "gitCommand": "log",
  "stdout": "",
  "stderr": "fatal: bad revision 'refs/heads/main'\n"
}
2025-06-12 00:44:18.122 [info] [Git][getRemotes] No remotes found in the git config file
2025-06-12 00:44:18.134 [info] > git config --get commit.template [26ms]
2025-06-12 00:44:18.146 [info] > git for-each-ref --format=%(refname)%00%(upstream:short)%00%(objectname)%00%(upstream:track)%00%(upstream:remotename)%00%(upstream:remoteref) refs/heads/main refs/remotes/main [24ms]
2025-06-12 00:44:18.146 [warning] [Git][getBranch] No such branch: main
2025-06-12 00:44:18.173 [info] > git for-each-ref --sort -committerdate --format %(refname)%00%(objectname)%00%(*objectname) [8ms]
2025-06-12 00:44:18.226 [info] > git status -z -uall [72ms]
2025-06-12 00:44:23.336 [info] > git config --get commit.template [32ms]
2025-06-12 00:44:23.350 [info] [Git][getRemotes] No remotes found in the git config file
2025-06-12 00:44:23.358 [info] > git for-each-ref --format=%(refname)%00%(upstream:short)%00%(objectname)%00%(upstream:track)%00%(upstream:remotename)%00%(upstream:remoteref) refs/heads/main refs/remotes/main [9ms]
2025-06-12 00:44:23.369 [warning] [Git][getBranch] No such branch: main
2025-06-12 00:44:23.430 [info] > git for-each-ref --sort -committerdate --format %(refname)%00%(objectname)%00%(*objectname) [21ms]
2025-06-12 00:44:23.476 [info] > git status -z -uall [84ms]
2025-06-12 00:44:25.061 [info] > git log --format=%H%n%aN%n%aE%n%at%n%ct%n%P%n%D%n%B -z --shortstat --diff-merges=first-parent -n50 --skip=0 --topo-order --decorate=full --stdin [5ms]
2025-06-12 00:44:25.062 [info] fatal: bad revision 'refs/heads/main'
2025-06-12 00:44:25.063 [error] [GitHistoryProvider][provideHistoryItems] Failed to get history items with options '{"historyItemRefs":["refs/heads/main"],"limit":50,"skip":0}': Failed to execute git {
  "exitCode": 128,
  "gitCommand": "log",
  "stdout": "",
  "stderr": "fatal: bad revision 'refs/heads/main'\n"
}
2025-06-12 00:44:28.599 [info] > git config --get commit.template [33ms]
2025-06-12 00:44:28.632 [info] [Git][getRemotes] No remotes found in the git config file
2025-06-12 00:44:28.634 [info] > git for-each-ref --format=%(refname)%00%(upstream:short)%00%(objectname)%00%(upstream:track)%00%(upstream:remotename)%00%(upstream:remoteref) refs/heads/main refs/remotes/main [3ms]
2025-06-12 00:44:28.634 [warning] [Git][getBranch] No such branch: main
2025-06-12 00:44:28.674 [info] > git for-each-ref --sort -committerdate --format %(refname)%00%(objectname)%00%(*objectname) [5ms]
2025-06-12 00:44:28.704 [info] > git status -z -uall [57ms]
2025-06-12 00:44:33.776 [info] [Git][getRemotes] No remotes found in the git config file
2025-06-12 00:44:33.782 [info] > git config --get commit.template [19ms]
2025-06-12 00:44:33.784 [info] > git for-each-ref --format=%(refname)%00%(upstream:short)%00%(objectname)%00%(upstream:track)%00%(upstream:remotename)%00%(upstream:remoteref) refs/heads/main refs/remotes/main [9ms]
2025-06-12 00:44:33.784 [warning] [Git][getBranch] No such branch: main
2025-06-12 00:44:33.808 [info] > git for-each-ref --sort -committerdate --format %(refname)%00%(objectname)%00%(*objectname) [3ms]
2025-06-12 00:44:33.852 [info] > git status -z -uall [58ms]
2025-06-12 00:44:55.259 [info] > git check-ignore -v -z --stdin [18ms]
2025-06-12 00:44:58.087 [info] > git add -A -- . [21169ms]
2025-06-12 00:44:58.470 [info] > git -c user.useConfigOnly=true commit --quiet --allow-empty-message --file - [378ms]
2025-06-12 00:44:58.470 [info] Author identity unknown

*** Please tell me who you are.

Run

  git config --global user.email "you@example.com"
  git config --global user.name "Your Name"

to set your account's default identity.
Omit --global to set the identity only in this repository.

fatal: no email was given and auto-detection is disabled
2025-06-12 00:44:58.479 [info] > git config --get-all user.name [3ms]
2025-06-12 00:44:58.494 [info] > git config --get commit.template [4ms]
2025-06-12 00:44:58.504 [info] [Git][getRemotes] No remotes found in the git config file
2025-06-12 00:44:58.507 [info] > git for-each-ref --format=%(refname)%00%(upstream:short)%00%(objectname)%00%(upstream:track)%00%(upstream:remotename)%00%(upstream:remoteref) refs/heads/main refs/remotes/main [2ms]
2025-06-12 00:44:58.507 [warning] [Git][getBranch] No such branch: main
2025-06-12 00:44:58.532 [info] > git for-each-ref --sort -committerdate --format %(refname)%00%(objectname)%00%(*objectname) [2ms]
2025-06-12 00:44:58.559 [info] > git status -z -uall [45ms]
2025-06-12 00:44:59.890 [info] > git config --get commit.template [68ms]
2025-06-12 00:44:59.928 [info] [Git][getRemotes] No remotes found in the git config file
2025-06-12 00:44:59.929 [info] > git for-each-ref --format=%(refname)%00%(upstream:short)%00%(objectname)%00%(upstream:track)%00%(upstream:remotename)%00%(upstream:remoteref) refs/heads/main refs/remotes/main [2ms]
2025-06-12 00:44:59.930 [warning] [Git][getBranch] No such branch: main
2025-06-12 00:44:59.976 [info] > git for-each-ref --sort -committerdate --format %(refname)%00%(objectname)%00%(*objectname) [4ms]
2025-06-12 00:45:00.004 [info] > git status -z -uall [57ms]
2025-06-12 00:47:19.486 [info] > git config --get commit.template [6ms]
2025-06-12 00:47:19.503 [info] [Git][getRemotes] No remotes found in the git config file
2025-06-12 00:47:19.509 [info] > git for-each-ref --format=%(refname)%00%(upstream:short)%00%(objectname)%00%(upstream:track)%00%(upstream:remotename)%00%(upstream:remoteref) refs/heads/main refs/remotes/main [7ms]
2025-06-12 00:47:19.510 [warning] [Git][getBranch] No such branch: main
2025-06-12 00:47:19.546 [info] > git for-each-ref --sort -committerdate --format %(refname)%00%(objectname)%00%(*objectname) [3ms]
2025-06-12 00:47:19.606 [info] > git status -z -uall [83ms]
2025-06-12 00:47:22.872 [info] > git log --format=%H%n%aN%n%aE%n%at%n%ct%n%P%n%D%n%B -z --shortstat --diff-merges=first-parent -n50 --skip=0 --topo-order --decorate=full --stdin [8ms]
2025-06-12 00:47:22.872 [info] fatal: bad revision 'refs/heads/main'
2025-06-12 00:47:22.875 [error] [GitHistoryProvider][provideHistoryItems] Failed to get history items with options '{"historyItemRefs":["refs/heads/main"],"limit":50,"skip":0}': Failed to execute git {
  "exitCode": 128,
  "gitCommand": "log",
  "stdout": "",
  "stderr": "fatal: bad revision 'refs/heads/main'\n"
}
2025-06-12 00:47:24.921 [info] [Git][getRemotes] No remotes found in the git config file
2025-06-12 00:47:24.923 [info] > git config --get commit.template [49ms]
2025-06-12 00:47:24.925 [info] > git for-each-ref --format=%(refname)%00%(upstream:short)%00%(objectname)%00%(upstream:track)%00%(upstream:remotename)%00%(upstream:remoteref) refs/heads/main refs/remotes/main [5ms]
2025-06-12 00:47:24.925 [warning] [Git][getBranch] No such branch: main
2025-06-12 00:47:24.962 [info] > git for-each-ref --sort -committerdate --format %(refname)%00%(objectname)%00%(*objectname) [6ms]
2025-06-12 00:47:25.009 [info] > git status -z -uall [73ms]
2025-06-12 00:47:30.284 [info] [Git][getRemotes] No remotes found in the git config file
2025-06-12 00:47:30.286 [info] > git config --get commit.template [44ms]
2025-06-12 00:47:30.298 [info] > git for-each-ref --format=%(refname)%00%(upstream:short)%00%(objectname)%00%(upstream:track)%00%(upstream:remotename)%00%(upstream:remoteref) refs/heads/main refs/remotes/main [14ms]
2025-06-12 00:47:30.298 [warning] [Git][getBranch] No such branch: main
2025-06-12 00:47:30.339 [info] > git for-each-ref --sort -committerdate --format %(refname)%00%(objectname)%00%(*objectname) [7ms]
2025-06-12 00:47:30.377 [info] > git status -z -uall [69ms]
2025-06-12 00:47:35.652 [info] [Git][getRemotes] No remotes found in the git config file
2025-06-12 00:47:35.654 [info] > git config --get commit.template [207ms]
2025-06-12 00:47:35.656 [info] > git for-each-ref --format=%(refname)%00%(upstream:short)%00%(objectname)%00%(upstream:track)%00%(upstream:remotename)%00%(upstream:remoteref) refs/heads/main refs/remotes/main [4ms]
2025-06-12 00:47:35.656 [warning] [Git][getBranch] No such branch: main
2025-06-12 00:47:35.692 [info] > git for-each-ref --sort -committerdate --format %(refname)%00%(objectname)%00%(*objectname) [11ms]
2025-06-12 00:47:36.461 [info] > git status -z -uall [793ms]
2025-06-12 00:47:43.065 [info] [Git][getRemotes] No remotes found in the git config file
2025-06-12 00:47:43.074 [info] > git for-each-ref --format=%(refname)%00%(upstream:short)%00%(objectname)%00%(upstream:track)%00%(upstream:remotename)%00%(upstream:remoteref) refs/heads/main refs/remotes/main [9ms]
2025-06-12 00:47:43.074 [warning] [Git][getBranch] No such branch: main
2025-06-12 00:47:43.097 [info] > git config --get commit.template [48ms]
2025-06-12 00:47:43.125 [info] > git for-each-ref --sort -committerdate --format %(refname)%00%(objectname)%00%(*objectname) [8ms]
2025-06-12 00:47:43.208 [info] > git status -z -uall [102ms]
2025-06-12 00:47:48.337 [info] [Git][getRemotes] No remotes found in the git config file
2025-06-12 00:47:48.338 [info] > git config --get commit.template [28ms]
2025-06-12 00:47:48.346 [info] > git for-each-ref --format=%(refname)%00%(upstream:short)%00%(objectname)%00%(upstream:track)%00%(upstream:remotename)%00%(upstream:remoteref) refs/heads/main refs/remotes/main [10ms]
2025-06-12 00:47:48.351 [warning] [Git][getBranch] No such branch: main
2025-06-12 00:47:48.385 [info] > git for-each-ref --sort -committerdate --format %(refname)%00%(objectname)%00%(*objectname) [2ms]
2025-06-12 00:47:48.408 [info] > git status -z -uall [39ms]
2025-06-12 00:47:53.515 [info] [Git][getRemotes] No remotes found in the git config file
2025-06-12 00:47:53.517 [info] > git config --get commit.template [13ms]
2025-06-12 00:47:53.518 [info] > git for-each-ref --format=%(refname)%00%(upstream:short)%00%(objectname)%00%(upstream:track)%00%(upstream:remotename)%00%(upstream:remoteref) refs/heads/main refs/remotes/main [3ms]
2025-06-12 00:47:53.519 [warning] [Git][getBranch] No such branch: main
2025-06-12 00:47:53.544 [info] > git for-each-ref --sort -committerdate --format %(refname)%00%(objectname)%00%(*objectname) [6ms]
2025-06-12 00:47:53.573 [info] > git status -z -uall [46ms]
2025-06-12 00:47:58.687 [info] [Git][getRemotes] No remotes found in the git config file
2025-06-12 00:47:58.689 [info] > git config --get commit.template [12ms]
2025-06-12 00:47:58.692 [info] > git for-each-ref --format=%(refname)%00%(upstream:short)%00%(objectname)%00%(upstream:track)%00%(upstream:remotename)%00%(upstream:remoteref) refs/heads/main refs/remotes/main [6ms]
2025-06-12 00:47:58.692 [warning] [Git][getBranch] No such branch: main
2025-06-12 00:47:58.711 [info] > git for-each-ref --sort -committerdate --format %(refname)%00%(objectname)%00%(*objectname) [4ms]
2025-06-12 00:47:58.743 [info] > git status -z -uall [43ms]
2025-06-12 00:48:00.090 [info] > git remote add https-//github.com/skryu89/20250602.git https://github.com/skryu89/20250602.git [31ms]
2025-06-12 00:48:00.090 [info] fatal: 'https-//github.com/skryu89/20250602.git' is not a valid remote name
2025-06-12 00:48:00.111 [info] [Git][getRemotes] No remotes found in the git config file
2025-06-12 00:48:00.112 [info] > git config --get commit.template [11ms]
2025-06-12 00:48:00.114 [info] > git for-each-ref --format=%(refname)%00%(upstream:short)%00%(objectname)%00%(upstream:track)%00%(upstream:remotename)%00%(upstream:remoteref) refs/heads/main refs/remotes/main [4ms]
2025-06-12 00:48:00.115 [warning] [Git][getBranch] No such branch: main
2025-06-12 00:48:00.136 [info] > git for-each-ref --sort -committerdate --format %(refname)%00%(objectname)%00%(*objectname) [1ms]
2025-06-12 00:48:00.177 [info] > git status -z -uall [55ms]
2025-06-12 00:48:03.897 [info] [Git][getRemotes] No remotes found in the git config file
2025-06-12 00:48:03.899 [info] > git config --get commit.template [18ms]
2025-06-12 00:48:03.926 [info] > git for-each-ref --format=%(refname)%00%(upstream:short)%00%(objectname)%00%(upstream:track)%00%(upstream:remotename)%00%(upstream:remoteref) refs/heads/main refs/remotes/main [30ms]
2025-06-12 00:48:03.927 [warning] [Git][getBranch] No such branch: main
2025-06-12 00:48:03.981 [info] > git for-each-ref --sort -committerdate --format %(refname)%00%(objectname)%00%(*objectname) [17ms]
2025-06-12 00:48:04.018 [info] > git status -z -uall [69ms]
2025-06-12 00:48:09.162 [info] [Git][getRemotes] No remotes found in the git config file
2025-06-12 00:48:09.168 [info] > git config --get commit.template [27ms]
2025-06-12 00:48:09.176 [info] > git for-each-ref --format=%(refname)%00%(upstream:short)%00%(objectname)%00%(upstream:track)%00%(upstream:remotename)%00%(upstream:remoteref) refs/heads/main refs/remotes/main [15ms]
2025-06-12 00:48:09.177 [warning] [Git][getBranch] No such branch: main
2025-06-12 00:48:09.254 [info] > git for-each-ref --sort -committerdate --format %(refname)%00%(objectname)%00%(*objectname) [44ms]
2025-06-12 00:48:09.286 [info] > git status -z -uall [94ms]
2025-06-12 00:48:14.441 [info] [Git][getRemotes] No remotes found in the git config file
2025-06-12 00:48:14.444 [info] > git config --get commit.template [24ms]
2025-06-12 00:48:14.458 [info] > git for-each-ref --format=%(refname)%00%(upstream:short)%00%(objectname)%00%(upstream:track)%00%(upstream:remotename)%00%(upstream:remoteref) refs/heads/main refs/remotes/main [17ms]
2025-06-12 00:48:14.459 [warning] [Git][getBranch] No such branch: main
2025-06-12 00:48:14.495 [info] > git for-each-ref --sort -committerdate --format %(refname)%00%(objectname)%00%(*objectname) [2ms]
2025-06-12 00:48:14.529 [info] > git status -z -uall [52ms]
2025-06-12 00:48:19.632 [info] [Git][getRemotes] No remotes found in the git config file
2025-06-12 00:48:19.633 [info] > git config --get commit.template [14ms]
2025-06-12 00:48:19.635 [info] > git for-each-ref --format=%(refname)%00%(upstream:short)%00%(objectname)%00%(upstream:track)%00%(upstream:remotename)%00%(upstream:remoteref) refs/heads/main refs/remotes/main [3ms]
2025-06-12 00:48:19.635 [warning] [Git][getBranch] No such branch: main
2025-06-12 00:48:19.653 [info] > git for-each-ref --sort -committerdate --format %(refname)%00%(objectname)%00%(*objectname) [2ms]
2025-06-12 00:48:19.687 [info] > git status -z -uall [46ms]
2025-06-12 00:48:24.798 [info] [Git][getRemotes] No remotes found in the git config file
2025-06-12 00:48:24.800 [info] > git config --get commit.template [32ms]
2025-06-12 00:48:24.802 [info] > git for-each-ref --format=%(refname)%00%(upstream:short)%00%(objectname)%00%(upstream:track)%00%(upstream:remotename)%00%(upstream:remoteref) refs/heads/main refs/remotes/main [5ms]
2025-06-12 00:48:24.802 [warning] [Git][getBranch] No such branch: main
2025-06-12 00:48:24.826 [info] > git for-each-ref --sort -committerdate --format %(refname)%00%(objectname)%00%(*objectname) [5ms]
2025-06-12 00:48:24.852 [info] > git status -z -uall [41ms]
2025-06-12 00:48:27.029 [info] > git remote add 20250602 https://github.com/skryu89/20250602.git [24ms]
2025-06-12 00:48:27.062 [info] > git config --get commit.template [13ms]
2025-06-12 00:48:27.065 [info] > git for-each-ref --format=%(refname)%00%(upstream:short)%00%(objectname)%00%(upstream:track)%00%(upstream:remotename)%00%(upstream:remoteref) refs/heads/main refs/remotes/main [5ms]
2025-06-12 00:48:27.065 [warning] [Git][getBranch] No such branch: main
2025-06-12 00:48:27.101 [info] > git for-each-ref --sort -committerdate --format %(refname)%00%(objectname)%00%(*objectname) [14ms]
2025-06-12 00:48:27.150 [info] > git status -z -uall [76ms]
2025-06-12 00:48:28.513 [info] > git fetch 20250602 [1308ms]
2025-06-12 00:48:28.530 [info] > git config --get commit.template [8ms]
2025-06-12 00:48:28.533 [info] > git for-each-ref --format=%(refname)%00%(upstream:short)%00%(objectname)%00%(upstream:track)%00%(upstream:remotename)%00%(upstream:remoteref) refs/heads/main refs/remotes/main [4ms]
2025-06-12 00:48:28.533 [warning] [Git][getBranch] No such branch: main
2025-06-12 00:48:28.558 [info] > git for-each-ref --sort -committerdate --format %(refname)%00%(objectname)%00%(*objectname) [5ms]
2025-06-12 00:48:28.579 [info] > git status -z -uall [39ms]
2025-06-12 00:48:29.953 [info] > git config --get commit.template [12ms]
2025-06-12 00:48:29.959 [info] > git for-each-ref --format=%(refname)%00%(upstream:short)%00%(objectname)%00%(upstream:track)%00%(upstream:remotename)%00%(upstream:remoteref) refs/heads/main refs/remotes/main [7ms]
2025-06-12 00:48:29.959 [warning] [Git][getBranch] No such branch: main
2025-06-12 00:48:29.981 [info] > git for-each-ref --sort -committerdate --format %(refname)%00%(objectname)%00%(*objectname) [3ms]
2025-06-12 00:48:30.012 [info] > git status -z -uall [45ms]
2025-06-12 00:48:35.112 [info] > git config --get commit.template [2ms]
2025-06-12 00:48:35.128 [info] > git for-each-ref --format=%(refname)%00%(upstream:short)%00%(objectname)%00%(upstream:track)%00%(upstream:remotename)%00%(upstream:remoteref) refs/heads/main refs/remotes/main [4ms]
2025-06-12 00:48:35.128 [warning] [Git][getBranch] No such branch: main
2025-06-12 00:48:35.158 [info] > git for-each-ref --sort -committerdate --format %(refname)%00%(objectname)%00%(*objectname) [6ms]
2025-06-12 00:48:35.191 [info] > git status -z -uall [54ms]
2025-06-12 00:48:53.997 [info] > git config --get commit.template [32ms]
2025-06-12 00:48:53.999 [info] > git for-each-ref --format=%(refname)%00%(upstream:short)%00%(objectname)%00%(upstream:track)%00%(upstream:remotename)%00%(upstream:remoteref) refs/heads/main refs/remotes/main [4ms]
2025-06-12 00:48:53.999 [warning] [Git][getBranch] No such branch: main
2025-06-12 00:48:54.040 [info] > git for-each-ref --sort -committerdate --format %(refname)%00%(objectname)%00%(*objectname) [13ms]
2025-06-12 00:48:54.095 [info] > git status -z -uall [82ms]
2025-06-12 00:49:02.614 [info] > git config --get commit.template [6ms]
2025-06-12 00:49:02.700 [info] > git for-each-ref --format=%(refname)%00%(upstream:short)%00%(objectname)%00%(upstream:track)%00%(upstream:remotename)%00%(upstream:remoteref) refs/heads/main refs/remotes/main [6ms]
2025-06-12 00:49:02.701 [warning] [Git][getBranch] No such branch: main
2025-06-12 00:49:02.744 [info] > git for-each-ref --sort -committerdate --format %(refname)%00%(objectname)%00%(*objectname) [14ms]
2025-06-12 00:49:02.851 [info] > git status -z -uall [134ms]
2025-06-12 00:49:04.810 [info] > git push [12ms]
2025-06-12 00:49:04.810 [info] fatal: The current branch main has no upstream branch.
To push the current branch and set the remote as upstream, use

    git push --set-upstream 20250602 main

To have this happen automatically for branches without a tracking
upstream, see 'push.autoSetupRemote' in 'git help config'.
2025-06-12 00:49:04.849 [info] > git config --get commit.template [20ms]
2025-06-12 00:49:04.851 [info] > git for-each-ref --format=%(refname)%00%(upstream:short)%00%(objectname)%00%(upstream:track)%00%(upstream:remotename)%00%(upstream:remoteref) refs/heads/main refs/remotes/main [4ms]
2025-06-12 00:49:04.851 [warning] [Git][getBranch] No such branch: main
2025-06-12 00:49:04.885 [info] > git for-each-ref --sort -committerdate --format %(refname)%00%(objectname)%00%(*objectname) [6ms]
2025-06-12 00:49:04.922 [info] > git status -z -uall [63ms]
2025-06-12 00:49:15.203 [info] > git push -u 20250602 main [149ms]
2025-06-12 00:49:15.203 [info] error: src refspec main does not match any
error: failed to push some refs to 'https://github.com/skryu89/20250602.git'
2025-06-12 00:49:15.260 [info] > git config --get commit.template [12ms]
2025-06-12 00:49:15.262 [info] > git for-each-ref --format=%(refname)%00%(upstream:short)%00%(objectname)%00%(upstream:track)%00%(upstream:remotename)%00%(upstream:remoteref) refs/heads/main refs/remotes/main [4ms]
2025-06-12 00:49:15.263 [warning] [Git][getBranch] No such branch: main
2025-06-12 00:49:15.286 [info] > git for-each-ref --sort -committerdate --format %(refname)%00%(objectname)%00%(*objectname) [5ms]
2025-06-12 00:49:15.317 [info] > git status -z -uall [48ms]
2025-06-12 00:49:18.114 [info] > git config --get commit.template [6ms]
2025-06-12 00:49:18.138 [info] > git for-each-ref --format=%(refname)%00%(upstream:short)%00%(objectname)%00%(upstream:track)%00%(upstream:remotename)%00%(upstream:remoteref) refs/heads/main refs/remotes/main [8ms]
2025-06-12 00:49:18.139 [warning] [Git][getBranch] No such branch: main
2025-06-12 00:49:18.191 [info] > git for-each-ref --sort -committerdate --format %(refname)%00%(objectname)%00%(*objectname) [16ms]
2025-06-12 00:49:18.222 [info] > git status -z -uall [68ms]
2025-06-12 00:49:21.023 [info] > git log --oneline --cherry main...main@{upstream} -- [7ms]
2025-06-12 00:49:21.023 [info] fatal: no such branch: 'main...main'
2025-06-12 00:49:22.042 [info] > git pull --tags [1004ms]
2025-06-12 00:49:22.042 [info] There is no tracking information for the current branch.
Please specify which branch you want to merge with.
See git-pull(1) for details.

    git pull <remote> <branch>

If you wish to set tracking information for this branch you can do so with:

    git branch --set-upstream-to=20250602/<branch> main
2025-06-12 00:49:22.077 [info] > git config --get commit.template [16ms]
2025-06-12 00:49:22.085 [info] > git for-each-ref --format=%(refname)%00%(upstream:short)%00%(objectname)%00%(upstream:track)%00%(upstream:remotename)%00%(upstream:remoteref) refs/heads/main refs/remotes/main [9ms]
2025-06-12 00:49:22.086 [warning] [Git][getBranch] No such branch: main
2025-06-12 00:49:22.122 [info] > git for-each-ref --sort -committerdate --format %(refname)%00%(objectname)%00%(*objectname) [6ms]
2025-06-12 00:49:22.259 [info] > git status -z -uall [155ms]
2025-06-12 00:49:24.725 [info] > git config --get commit.template [26ms]
2025-06-12 00:49:24.732 [info] > git for-each-ref --format=%(refname)%00%(upstream:short)%00%(objectname)%00%(upstream:track)%00%(upstream:remotename)%00%(upstream:remoteref) refs/heads/main refs/remotes/main [14ms]
2025-06-12 00:49:24.738 [warning] [Git][getBranch] No such branch: main
2025-06-12 00:49:24.796 [info] > git for-each-ref --sort -committerdate --format %(refname)%00%(objectname)%00%(*objectname) [19ms]
2025-06-12 00:49:24.851 [info] > git status -z -uall [91ms]
2025-06-12 00:49:30.068 [info] > git config --get commit.template [20ms]
2025-06-12 00:49:30.072 [info] > git for-each-ref --format=%(refname)%00%(upstream:short)%00%(objectname)%00%(upstream:track)%00%(upstream:remotename)%00%(upstream:remoteref) refs/heads/main refs/remotes/main [5ms]
2025-06-12 00:49:30.073 [warning] [Git][getBranch] No such branch: main
2025-06-12 00:49:30.112 [info] > git for-each-ref --sort -committerdate --format %(refname)%00%(objectname)%00%(*objectname) [6ms]
2025-06-12 00:49:30.151 [info] > git status -z -uall [64ms]
2025-06-12 00:49:36.337 [info] > git config --get commit.template [16ms]
2025-06-12 00:49:36.338 [info] > git for-each-ref --format=%(refname)%00%(upstream:short)%00%(objectname)%00%(upstream:track)%00%(upstream:remotename)%00%(upstream:remoteref) refs/heads/main refs/remotes/main [5ms]
2025-06-12 00:49:36.339 [warning] [Git][getBranch] No such branch: main
2025-06-12 00:49:36.381 [info] > git for-each-ref --sort -committerdate --format %(refname)%00%(objectname)%00%(*objectname) [5ms]
2025-06-12 00:49:36.542 [info] > git status -z -uall [183ms]
2025-06-12 00:50:00.512 [info] > git config --get commit.template [21ms]
2025-06-12 00:50:00.514 [info] > git for-each-ref --format=%(refname)%00%(upstream:short)%00%(objectname)%00%(upstream:track)%00%(upstream:remotename)%00%(upstream:remoteref) refs/heads/main refs/remotes/main [4ms]
2025-06-12 00:50:00.515 [warning] [Git][getBranch] No such branch: main
2025-06-12 00:50:00.548 [info] > git for-each-ref --sort -committerdate --format %(refname)%00%(objectname)%00%(*objectname) [9ms]
2025-06-12 00:50:00.593 [info] > git status -z -uall [70ms]
2025-06-12 00:50:05.808 [info] > git config --get commit.template [33ms]
2025-06-12 00:50:05.819 [info] > git for-each-ref --format=%(refname)%00%(upstream:short)%00%(objectname)%00%(upstream:track)%00%(upstream:remotename)%00%(upstream:remoteref) refs/heads/main refs/remotes/main [14ms]
2025-06-12 00:50:05.820 [warning] [Git][getBranch] No such branch: main
2025-06-12 00:50:05.848 [info] > git for-each-ref --sort -committerdate --format %(refname)%00%(objectname)%00%(*objectname) [5ms]
2025-06-12 00:50:05.917 [info] > git status -z -uall [85ms]
2025-06-12 00:50:11.020 [info] > git config --get commit.template [28ms]
2025-06-12 00:50:11.030 [info] > git for-each-ref --format=%(refname)%00%(upstream:short)%00%(objectname)%00%(upstream:track)%00%(upstream:remotename)%00%(upstream:remoteref) refs/heads/main refs/remotes/main [11ms]
2025-06-12 00:50:11.030 [warning] [Git][getBranch] No such branch: main
2025-06-12 00:50:11.051 [info] > git for-each-ref --sort -committerdate --format %(refname)%00%(objectname)%00%(*objectname) [4ms]
2025-06-12 00:50:11.098 [info] > git status -z -uall [61ms]
2025-06-12 00:50:16.224 [info] > git config --get commit.template [14ms]
2025-06-12 00:50:16.272 [info] > git for-each-ref --format=%(refname)%00%(upstream:short)%00%(objectname)%00%(upstream:track)%00%(upstream:remotename)%00%(upstream:remoteref) refs/heads/main refs/remotes/main [14ms]
2025-06-12 00:50:16.283 [warning] [Git][getBranch] No such branch: main
2025-06-12 00:50:16.386 [info] > git for-each-ref --sort -committerdate --format %(refname)%00%(objectname)%00%(*objectname) [36ms]
2025-06-12 00:50:16.412 [info] > git status -z -uall [97ms]
2025-06-12 00:50:21.541 [info] > git config --get commit.template [12ms]
2025-06-12 00:50:21.543 [info] > git for-each-ref --format=%(refname)%00%(upstream:short)%00%(objectname)%00%(upstream:track)%00%(upstream:remotename)%00%(upstream:remoteref) refs/heads/main refs/remotes/main [5ms]
2025-06-12 00:50:21.544 [warning] [Git][getBranch] No such branch: main
2025-06-12 00:50:21.575 [info] > git for-each-ref --sort -committerdate --format %(refname)%00%(objectname)%00%(*objectname) [4ms]
2025-06-12 00:50:21.611 [info] > git status -z -uall [59ms]
2025-06-12 00:50:26.772 [info] > git config --get commit.template [50ms]
2025-06-12 00:50:26.775 [info] > git for-each-ref --format=%(refname)%00%(upstream:short)%00%(objectname)%00%(upstream:track)%00%(upstream:remotename)%00%(upstream:remoteref) refs/heads/main refs/remotes/main [4ms]
2025-06-12 00:50:26.775 [warning] [Git][getBranch] No such branch: main
2025-06-12 00:50:26.803 [info] > git for-each-ref --sort -committerdate --format %(refname)%00%(objectname)%00%(*objectname) [6ms]
2025-06-12 00:50:26.823 [info] > git status -z -uall [38ms]
2025-06-12 00:50:31.840 [info] > git config --get commit.template [11ms]
2025-06-12 00:50:31.853 [info] > git for-each-ref --format=%(refname)%00%(upstream:short)%00%(objectname)%00%(upstream:track)%00%(upstream:remotename)%00%(upstream:remoteref) refs/heads/main refs/remotes/main [14ms]
2025-06-12 00:50:31.889 [info] > git for-each-ref --sort -committerdate --format %(refname)%00%(objectname)%00%(*objectname) [12ms]
2025-06-12 00:50:31.916 [info] > git status -z -uall [53ms]
2025-06-12 00:50:32.015 [info] > git config --get commit.template [25ms]
2025-06-12 00:50:32.026 [info] > git for-each-ref --format=%(refname)%00%(upstream:short)%00%(objectname)%00%(upstream:track)%00%(upstream:remotename)%00%(upstream:remoteref) refs/heads/main refs/remotes/main [13ms]
2025-06-12 00:50:32.078 [info] > git for-each-ref --sort -committerdate --format %(refname)%00%(objectname)%00%(*objectname) [32ms]
2025-06-12 00:50:32.107 [info] > git status -z -uall [71ms]
2025-06-12 00:50:32.818 [info] > git check-ignore -v -z --stdin [19ms]
