2025-06-12 00:52:24.847 [info] [main] ログ レベル: Info
2025-06-12 00:52:24.847 [info] [main] Git の検証が検出されました: "git"
2025-06-12 00:52:24.847 [info] [main] "git" から Git "2.43.0" を使用しています
2025-06-12 00:52:24.847 [info] [Model][doInitialScan] Initial repository scan started
2025-06-12 00:52:24.847 [info] > git rev-parse --show-toplevel [61ms]
2025-06-12 00:52:24.853 [info] > git rev-parse --git-dir --git-common-dir [13ms]
2025-06-12 00:52:24.897 [info] [Model][openRepository] Opened repository (path): /home/skryu89
2025-06-12 00:52:24.897 [info] [Model][openRepository] Opened repository (real path): /home/skryu89
2025-06-12 00:52:24.935 [info] > git config --get commit.template [13ms]
2025-06-12 00:52:24.937 [info] > git rev-parse --show-toplevel [9ms]
2025-06-12 00:52:24.978 [info] > git for-each-ref --format=%(refname)%00%(upstream:short)%00%(objectname)%00%(upstream:track)%00%(upstream:remotename)%00%(upstream:remoteref) refs/heads/main refs/remotes/main [20ms]
2025-06-12 00:52:25.036 [info] > git rev-parse --show-toplevel [61ms]
2025-06-12 00:52:25.073 [info] > git for-each-ref --sort -committerdate --format %(refname)%00%(objectname)%00%(*objectname) [38ms]
2025-06-12 00:52:25.105 [info] > git rev-parse --show-toplevel [37ms]
2025-06-12 00:52:25.147 [info] > git rev-parse --show-toplevel [5ms]
2025-06-12 00:52:25.266 [info] > git status -z -uall [277ms]
2025-06-12 00:52:25.267 [info] > git rev-parse --show-toplevel [5ms]
2025-06-12 00:52:25.284 [info] [Model][doInitialScan] Initial repository scan completed - repositories (1), closed repositories (0), parent repositories (0), unsafe repositories (0)
2025-06-12 00:52:25.387 [info] > git for-each-ref --format=%(refname)%00%(upstream:short)%00%(objectname)%00%(upstream:track)%00%(upstream:remotename)%00%(upstream:remoteref) refs/heads/main refs/remotes/main [63ms]
2025-06-12 00:52:25.615 [info] > git config --get --local branch.main.vscode-merge-base [162ms]
2025-06-12 00:52:25.616 [warning] [Git][config] git config failed: Failed to execute git
2025-06-12 00:52:25.690 [info] > git config --get commit.template [304ms]
2025-06-12 00:52:25.722 [info] > git reflog main --grep-reflog=branch: Created from *. [33ms]
2025-06-12 00:52:25.765 [info] > git for-each-ref --format=%(refname)%00%(upstream:short)%00%(objectname)%00%(upstream:track)%00%(upstream:remotename)%00%(upstream:remoteref) refs/heads/main refs/remotes/main [45ms]
2025-06-12 00:52:25.925 [info] > git symbolic-ref --short refs/remotes/20250602/HEAD [162ms]
2025-06-12 00:52:25.926 [info] fatal: ref refs/remotes/20250602/HEAD is not a symbolic ref
2025-06-12 00:52:25.926 [warning] [Repository][getDefaultBranch] Failed to get default branch details: Failed to execute git.
2025-06-12 00:52:25.972 [info] > git for-each-ref --sort -committerdate --format %(refname)%00%(objectname)%00%(*objectname) [59ms]
2025-06-12 00:52:25.976 [info] > git status -z -uall [193ms]
2025-06-12 00:52:28.117 [info] > git check-ignore -v -z --stdin [215ms]
2025-06-12 00:52:28.121 [info] > git config --get commit.template [8ms]
2025-06-12 00:52:28.210 [info] > git for-each-ref --format=%(refname)%00%(upstream:short)%00%(objectname)%00%(upstream:track)%00%(upstream:remotename)%00%(upstream:remoteref) refs/heads/main refs/remotes/main [76ms]
2025-06-12 00:52:28.288 [info] > git for-each-ref --sort -committerdate --format %(refname)%00%(objectname)%00%(*objectname) [4ms]
2025-06-12 00:52:28.323 [info] > git status -z -uall [94ms]
2025-06-12 00:52:32.300 [info] > git check-ignore -v -z --stdin [46ms]
2025-06-12 00:52:33.382 [info] > git config --get commit.template [31ms]
2025-06-12 00:52:33.385 [info] > git for-each-ref --format=%(refname)%00%(upstream:short)%00%(objectname)%00%(upstream:track)%00%(upstream:remotename)%00%(upstream:remoteref) refs/heads/main refs/remotes/main [6ms]
2025-06-12 00:52:33.420 [info] > git for-each-ref --sort -committerdate --format %(refname)%00%(objectname)%00%(*objectname) [5ms]
2025-06-12 00:52:33.460 [info] > git status -z -uall [64ms]
2025-06-12 00:52:34.403 [info] > git log --format=%H%n%aN%n%aE%n%at%n%ct%n%P%n%D%n%B -z --shortstat --diff-merges=first-parent -n50 --skip=0 --topo-order --decorate=full --stdin [7363ms]
2025-06-12 00:52:37.420 [info] > git log --format=%H%n%aN%n%aE%n%at%n%ct%n%P%n%D%n%B -z --shortstat --diff-merges=first-parent -n50 --skip=0 --topo-order --decorate=full --stdin [2227ms]
2025-06-12 00:52:38.507 [info] > git config --get commit.template [11ms]
2025-06-12 00:52:38.517 [info] > git for-each-ref --format=%(refname)%00%(upstream:short)%00%(objectname)%00%(upstream:track)%00%(upstream:remotename)%00%(upstream:remoteref) refs/heads/main refs/remotes/main [3ms]
2025-06-12 00:52:38.535 [info] > git for-each-ref --sort -committerdate --format %(refname)%00%(objectname)%00%(*objectname) [3ms]
2025-06-12 00:52:38.573 [info] > git status -z -uall [49ms]
2025-06-12 00:52:43.666 [info] > git config --get commit.template [69ms]
2025-06-12 00:52:43.669 [info] > git for-each-ref --format=%(refname)%00%(upstream:short)%00%(objectname)%00%(upstream:track)%00%(upstream:remotename)%00%(upstream:remoteref) refs/heads/main refs/remotes/main [6ms]
2025-06-12 00:52:43.739 [info] > git for-each-ref --sort -committerdate --format %(refname)%00%(objectname)%00%(*objectname) [28ms]
2025-06-12 00:52:43.783 [info] > git status -z -uall [102ms]
2025-06-12 00:52:48.810 [info] > git config --get commit.template [9ms]
2025-06-12 00:52:48.821 [info] > git for-each-ref --format=%(refname)%00%(upstream:short)%00%(objectname)%00%(upstream:track)%00%(upstream:remotename)%00%(upstream:remoteref) refs/heads/main refs/remotes/main [12ms]
2025-06-12 00:52:48.850 [info] > git for-each-ref --sort -committerdate --format %(refname)%00%(objectname)%00%(*objectname) [6ms]
2025-06-12 00:52:48.875 [info] > git status -z -uall [47ms]
2025-06-12 00:52:53.969 [info] > git for-each-ref --format=%(refname)%00%(upstream:short)%00%(objectname)%00%(upstream:track)%00%(upstream:remotename)%00%(upstream:remoteref) refs/heads/main refs/remotes/main [3ms]
2025-06-12 00:52:53.969 [info] > git config --get commit.template [30ms]
2025-06-12 00:52:54.015 [info] > git for-each-ref --sort -committerdate --format %(refname)%00%(objectname)%00%(*objectname) [2ms]
2025-06-12 00:52:54.078 [info] > git status -z -uall [93ms]
2025-06-12 00:53:02.556 [info] > git config --get commit.template [25ms]
2025-06-12 00:53:02.584 [info] > git for-each-ref --format=%(refname)%00%(upstream:short)%00%(objectname)%00%(upstream:track)%00%(upstream:remotename)%00%(upstream:remoteref) refs/heads/main refs/remotes/main [10ms]
2025-06-12 00:53:02.610 [info] > git for-each-ref --sort -committerdate --format %(refname)%00%(objectname)%00%(*objectname) [2ms]
2025-06-12 00:53:02.645 [info] > git status -z -uall [52ms]
2025-06-12 00:53:07.802 [info] > git config --get commit.template [56ms]
2025-06-12 00:53:07.802 [info] > git for-each-ref --format=%(refname)%00%(upstream:short)%00%(objectname)%00%(upstream:track)%00%(upstream:remotename)%00%(upstream:remoteref) refs/heads/main refs/remotes/main [16ms]
2025-06-12 00:53:07.826 [info] > git for-each-ref --sort -committerdate --format %(refname)%00%(objectname)%00%(*objectname) [8ms]
2025-06-12 00:53:07.862 [info] > git status -z -uall [53ms]
2025-06-12 00:53:10.515 [info] > git check-ignore -v -z --stdin [7ms]
2025-06-12 00:53:11.468 [info] > git show --textconv :index.html [626ms]
2025-06-12 00:53:11.475 [info] > git ls-files --stage -- index.html [619ms]
2025-06-12 00:53:11.540 [info] > git hash-object -t tree /dev/null [65ms]
2025-06-12 00:53:11.541 [warning] [GitFileSystemProvider][readFile] File not found - git:/home/skryu89/index.html.git?%7B%22path%22%3A%22%2Fhome%2Fskryu89%2Findex.html%22%2C%22ref%22%3A%22%22%7D
2025-06-12 00:53:11.590 [info] > git hash-object -t tree /dev/null [107ms]
2025-06-12 00:53:11.591 [warning] [GitFileSystemProvider][stat] File not found - git:/home/skryu89/index.html.git?%7B%22path%22%3A%22%2Fhome%2Fskryu89%2Findex.html%22%2C%22ref%22%3A%22%22%7D
2025-06-12 00:53:12.894 [info] > git config --get commit.template [17ms]
2025-06-12 00:53:12.896 [info] > git for-each-ref --format=%(refname)%00%(upstream:short)%00%(objectname)%00%(upstream:track)%00%(upstream:remotename)%00%(upstream:remoteref) refs/heads/main refs/remotes/main [4ms]
2025-06-12 00:53:12.927 [info] > git for-each-ref --sort -committerdate --format %(refname)%00%(objectname)%00%(*objectname) [4ms]
2025-06-12 00:53:12.960 [info] > git status -z -uall [49ms]
2025-06-12 00:53:18.045 [info] > git config --get commit.template [55ms]
2025-06-12 00:53:18.054 [info] > git for-each-ref --format=%(refname)%00%(upstream:short)%00%(objectname)%00%(upstream:track)%00%(upstream:remotename)%00%(upstream:remoteref) refs/heads/main refs/remotes/main [12ms]
2025-06-12 00:53:18.083 [info] > git for-each-ref --sort -committerdate --format %(refname)%00%(objectname)%00%(*objectname) [9ms]
2025-06-12 00:53:18.109 [info] > git status -z -uall [48ms]
2025-06-12 00:53:23.230 [info] > git config --get commit.template [85ms]
2025-06-12 00:53:23.233 [info] > git for-each-ref --format=%(refname)%00%(upstream:short)%00%(objectname)%00%(upstream:track)%00%(upstream:remotename)%00%(upstream:remoteref) refs/heads/main refs/remotes/main [6ms]
2025-06-12 00:53:23.283 [info] > git for-each-ref --sort -committerdate --format %(refname)%00%(objectname)%00%(*objectname) [15ms]
2025-06-12 00:53:23.365 [info] > git status -z -uall [114ms]
2025-06-12 00:53:28.405 [info] > git config --get commit.template [26ms]
2025-06-12 00:53:28.408 [info] > git for-each-ref --format=%(refname)%00%(upstream:short)%00%(objectname)%00%(upstream:track)%00%(upstream:remotename)%00%(upstream:remoteref) refs/heads/main refs/remotes/main [4ms]
2025-06-12 00:53:28.465 [info] > git for-each-ref --sort -committerdate --format %(refname)%00%(objectname)%00%(*objectname) [14ms]
2025-06-12 00:53:28.492 [info] > git status -z -uall [71ms]
2025-06-12 00:53:33.519 [info] > git config --get commit.template [1ms]
2025-06-12 00:53:33.551 [info] > git for-each-ref --format=%(refname)%00%(upstream:short)%00%(objectname)%00%(upstream:track)%00%(upstream:remotename)%00%(upstream:remoteref) refs/heads/main refs/remotes/main [20ms]
2025-06-12 00:53:33.573 [info] > git for-each-ref --sort -committerdate --format %(refname)%00%(objectname)%00%(*objectname) [5ms]
2025-06-12 00:53:33.609 [info] > git status -z -uall [49ms]
2025-06-12 00:53:38.681 [info] > git config --get commit.template [26ms]
2025-06-12 00:53:38.687 [info] > git for-each-ref --format=%(refname)%00%(upstream:short)%00%(objectname)%00%(upstream:track)%00%(upstream:remotename)%00%(upstream:remoteref) refs/heads/main refs/remotes/main [10ms]
2025-06-12 00:53:38.715 [info] > git for-each-ref --sort -committerdate --format %(refname)%00%(objectname)%00%(*objectname) [7ms]
2025-06-12 00:53:38.738 [info] > git status -z -uall [42ms]
2025-06-12 00:53:43.820 [info] > git config --get commit.template [34ms]
2025-06-12 00:53:43.829 [info] > git for-each-ref --format=%(refname)%00%(upstream:short)%00%(objectname)%00%(upstream:track)%00%(upstream:remotename)%00%(upstream:remoteref) refs/heads/main refs/remotes/main [13ms]
2025-06-12 00:53:43.893 [info] > git for-each-ref --sort -committerdate --format %(refname)%00%(objectname)%00%(*objectname) [22ms]
2025-06-12 00:53:43.976 [info] > git status -z -uall [128ms]
2025-06-12 00:53:49.053 [info] > git config --get commit.template [34ms]
2025-06-12 00:53:49.059 [info] > git for-each-ref --format=%(refname)%00%(upstream:short)%00%(objectname)%00%(upstream:track)%00%(upstream:remotename)%00%(upstream:remoteref) refs/heads/main refs/remotes/main [16ms]
2025-06-12 00:53:49.131 [info] > git for-each-ref --sort -committerdate --format %(refname)%00%(objectname)%00%(*objectname) [27ms]
2025-06-12 00:53:49.173 [info] > git status -z -uall [96ms]
2025-06-12 00:53:54.220 [info] > git config --get commit.template [7ms]
2025-06-12 00:53:54.258 [info] > git for-each-ref --format=%(refname)%00%(upstream:short)%00%(objectname)%00%(upstream:track)%00%(upstream:remotename)%00%(upstream:remoteref) refs/heads/main refs/remotes/main [11ms]
2025-06-12 00:53:54.299 [info] > git for-each-ref --sort -committerdate --format %(refname)%00%(objectname)%00%(*objectname) [8ms]
2025-06-12 00:53:54.348 [info] > git status -z -uall [81ms]
2025-06-12 00:53:59.378 [info] > git config --get commit.template [15ms]
2025-06-12 00:53:59.379 [info] > git for-each-ref --format=%(refname)%00%(upstream:short)%00%(objectname)%00%(upstream:track)%00%(upstream:remotename)%00%(upstream:remoteref) refs/heads/main refs/remotes/main [3ms]
2025-06-12 00:53:59.410 [info] > git for-each-ref --sort -committerdate --format %(refname)%00%(objectname)%00%(*objectname) [7ms]
2025-06-12 00:53:59.433 [info] > git status -z -uall [49ms]
2025-06-12 00:54:04.481 [info] > git config --get commit.template [24ms]
2025-06-12 00:54:04.490 [info] > git for-each-ref --format=%(refname)%00%(upstream:short)%00%(objectname)%00%(upstream:track)%00%(upstream:remotename)%00%(upstream:remoteref) refs/heads/main refs/remotes/main [12ms]
2025-06-12 00:54:04.521 [info] > git for-each-ref --sort -committerdate --format %(refname)%00%(objectname)%00%(*objectname) [5ms]
2025-06-12 00:54:04.559 [info] > git status -z -uall [60ms]
2025-06-12 00:54:09.623 [info] > git config --get commit.template [27ms]
2025-06-12 00:54:09.641 [info] > git for-each-ref --format=%(refname)%00%(upstream:short)%00%(objectname)%00%(upstream:track)%00%(upstream:remotename)%00%(upstream:remoteref) refs/heads/main refs/remotes/main [20ms]
2025-06-12 00:54:09.669 [info] > git for-each-ref --sort -committerdate --format %(refname)%00%(objectname)%00%(*objectname) [8ms]
2025-06-12 00:54:09.727 [info] > git status -z -uall [78ms]
2025-06-12 00:54:12.501 [info] > git log --format=%H%n%aN%n%aE%n%at%n%ct%n%P%n%D%n%B -z --shortstat --diff-merges=first-parent -n50 --skip=0 --topo-order --decorate=full --stdin [3620ms]
2025-06-12 00:54:14.813 [info] > git config --get commit.template [16ms]
2025-06-12 00:54:14.819 [info] > git for-each-ref --format=%(refname)%00%(upstream:short)%00%(objectname)%00%(upstream:track)%00%(upstream:remotename)%00%(upstream:remoteref) refs/heads/main refs/remotes/main [7ms]
2025-06-12 00:54:14.857 [info] > git for-each-ref --sort -committerdate --format %(refname)%00%(objectname)%00%(*objectname) [12ms]
2025-06-12 00:54:14.903 [info] > git status -z -uall [72ms]
2025-06-12 00:54:20.514 [info] > git config --get commit.template [46ms]
2025-06-12 00:54:20.519 [info] > git for-each-ref --format=%(refname)%00%(upstream:short)%00%(objectname)%00%(upstream:track)%00%(upstream:remotename)%00%(upstream:remoteref) refs/heads/main refs/remotes/main [34ms]
2025-06-12 00:54:20.570 [info] > git for-each-ref --sort -committerdate --format %(refname)%00%(objectname)%00%(*objectname) [11ms]
2025-06-12 00:54:20.616 [info] > git status -z -uall [79ms]
