2025-06-12 00:37:02.490 [info] Extension host with pid 1203 started
2025-06-12 00:37:03.034 [info] ExtensionService#_doActivateExtension vscode.emmet, startup: false, activationEvent: 'onLanguage'
2025-06-12 00:37:03.106 [info] Lock '/home/skryu89/.vscode-server/data/User/workspaceStorage/aad91df03ee4bf4f5f7e1697c29b5ced/vscode.lock': Lock acquired.
2025-06-12 00:37:03.558 [info] ExtensionService#_doActivateExtension vscode.git-base, startup: true, activationEvent: '*', root cause: vscode.git
2025-06-12 00:37:03.702 [info] ExtensionService#_doActivateExtension vscode.git, startup: true, activationEvent: '*'
2025-06-12 00:37:03.703 [info] ExtensionService#_doActivateExtension vscode.github, startup: true, activationEvent: '*'
2025-06-12 00:37:04.675 [info] Eager extensions activated
2025-06-12 00:37:04.678 [info] ExtensionService#_doActivateExtension vscode.debug-auto-launch, startup: false, activationEvent: 'onStartupFinished'
2025-06-12 00:37:04.679 [info] ExtensionService#_doActivateExtension vscode.merge-conflict, startup: false, activationEvent: 'onStartupFinished'
2025-06-12 00:43:43.725 [warning] [Decorations] CAPPING events from decorations provider vscode.git 1685
2025-06-12 00:43:46.817 [warning] [Decorations] CAPPING events from decorations provider vscode.git 1685
2025-06-12 00:43:51.930 [warning] [Decorations] CAPPING events from decorations provider vscode.git 1685
2025-06-12 00:43:57.050 [warning] [Decorations] CAPPING events from decorations provider vscode.git 1685
2025-06-12 00:44:02.284 [warning] [Decorations] CAPPING events from decorations provider vscode.git 1685
2025-06-12 00:44:07.413 [warning] [Decorations] CAPPING events from decorations provider vscode.git 1685
2025-06-12 00:44:12.637 [warning] [Decorations] CAPPING events from decorations provider vscode.git 1685
2025-06-12 00:44:18.279 [warning] [Decorations] CAPPING events from decorations provider vscode.git 1685
2025-06-12 00:44:23.525 [warning] [Decorations] CAPPING events from decorations provider vscode.git 1685
2025-06-12 00:44:28.739 [warning] [Decorations] CAPPING events from decorations provider vscode.git 1685
2025-06-12 00:44:33.882 [warning] [Decorations] CAPPING events from decorations provider vscode.git 1685
2025-06-12 00:44:58.675 [warning] [Decorations] CAPPING events from decorations provider vscode.git 1685
2025-06-12 00:45:00.176 [warning] [Decorations] CAPPING events from decorations provider vscode.git 1685
2025-06-12 00:47:19.828 [warning] [Decorations] CAPPING events from decorations provider vscode.git 1686
2025-06-12 00:47:25.180 [warning] [Decorations] CAPPING events from decorations provider vscode.git 1686
2025-06-12 00:47:30.420 [warning] [Decorations] CAPPING events from decorations provider vscode.git 1686
2025-06-12 00:47:36.595 [warning] [Decorations] CAPPING events from decorations provider vscode.git 1686
2025-06-12 00:47:43.262 [warning] [Decorations] CAPPING events from decorations provider vscode.git 1686
2025-06-12 00:47:48.456 [warning] [Decorations] CAPPING events from decorations provider vscode.git 1686
2025-06-12 00:47:53.613 [warning] [Decorations] CAPPING events from decorations provider vscode.git 1686
2025-06-12 00:47:58.785 [warning] [Decorations] CAPPING events from decorations provider vscode.git 1686
2025-06-12 00:48:00.219 [warning] [Decorations] CAPPING events from decorations provider vscode.git 1686
2025-06-12 00:48:04.086 [warning] [Decorations] CAPPING events from decorations provider vscode.git 1686
2025-06-12 00:48:09.347 [warning] [Decorations] CAPPING events from decorations provider vscode.git 1686
2025-06-12 00:48:14.568 [warning] [Decorations] CAPPING events from decorations provider vscode.git 1686
2025-06-12 00:48:19.733 [warning] [Decorations] CAPPING events from decorations provider vscode.git 1686
2025-06-12 00:48:24.907 [warning] [Decorations] CAPPING events from decorations provider vscode.git 1686
2025-06-12 00:48:27.191 [warning] [Decorations] CAPPING events from decorations provider vscode.git 1686
2025-06-12 00:48:28.618 [warning] [Decorations] CAPPING events from decorations provider vscode.git 1686
2025-06-12 00:48:30.054 [warning] [Decorations] CAPPING events from decorations provider vscode.git 1686
2025-06-12 00:48:35.244 [warning] [Decorations] CAPPING events from decorations provider vscode.git 1686
2025-06-12 00:48:54.146 [warning] [Decorations] CAPPING events from decorations provider vscode.git 1686
2025-06-12 00:49:02.933 [warning] [Decorations] CAPPING events from decorations provider vscode.git 1686
2025-06-12 00:49:04.954 [warning] [Decorations] CAPPING events from decorations provider vscode.git 1686
2025-06-12 00:49:15.405 [warning] [Decorations] CAPPING events from decorations provider vscode.git 1686
2025-06-12 00:49:18.274 [warning] [Decorations] CAPPING events from decorations provider vscode.git 1686
2025-06-12 00:49:22.387 [warning] [Decorations] CAPPING events from decorations provider vscode.git 1686
2025-06-12 00:49:24.986 [warning] [Decorations] CAPPING events from decorations provider vscode.git 1686
2025-06-12 00:49:30.209 [warning] [Decorations] CAPPING events from decorations provider vscode.git 1686
2025-06-12 00:49:36.745 [warning] [Decorations] CAPPING events from decorations provider vscode.git 1686
2025-06-12 00:50:00.679 [warning] [Decorations] CAPPING events from decorations provider vscode.git 1686
2025-06-12 00:50:05.965 [warning] [Decorations] CAPPING events from decorations provider vscode.git 1686
2025-06-12 00:50:11.153 [warning] [Decorations] CAPPING events from decorations provider vscode.git 1686
2025-06-12 00:50:16.483 [warning] [Decorations] CAPPING events from decorations provider vscode.git 1686
2025-06-12 00:50:21.684 [warning] [Decorations] CAPPING events from decorations provider vscode.git 1686
2025-06-12 00:50:26.863 [warning] [Decorations] CAPPING events from decorations provider vscode.git 1686
