2025-06-12 01:50:14.303 [info] [main] ログ レベル: Info
2025-06-12 01:50:14.303 [info] [main] Git の検証が検出されました: "git"
2025-06-12 01:50:14.303 [info] [main] "git" から Git "2.43.0" を使用しています
2025-06-12 01:50:14.303 [info] [Model][doInitialScan] Initial repository scan started
2025-06-12 01:50:14.303 [info] > git rev-parse --show-toplevel [45ms]
2025-06-12 01:50:14.303 [info] > git rev-parse --git-dir --git-common-dir [345ms]
2025-06-12 01:50:14.303 [info] [Model][openRepository] Opened repository (path): /home/skryu89
2025-06-12 01:50:14.303 [info] [Model][openRepository] Opened repository (real path): /home/skryu89
2025-06-12 01:50:17.314 [info] > git check-ignore -v -z --stdin [621ms]
2025-06-12 01:50:17.331 [info] > git rev-parse --show-toplevel [1903ms]
2025-06-12 01:50:17.344 [info] > git config --get commit.template [2167ms]
2025-06-12 01:50:17.496 [info] > git rev-parse --show-toplevel [76ms]
2025-06-12 01:50:17.569 [info] > git for-each-ref --format=%(refname)%00%(upstream:short)%00%(objectname)%00%(upstream:track)%00%(upstream:remotename)%00%(upstream:remoteref) refs/heads/main refs/remotes/main [92ms]
2025-06-12 01:50:17.751 [info] > git rev-parse --show-toplevel [188ms]
2025-06-12 01:50:17.834 [info] > git for-each-ref --sort -committerdate --format %(refname)%00%(objectname)%00%(*objectname) [125ms]
2025-06-12 01:50:17.853 [info] > git rev-parse --show-toplevel [20ms]
2025-06-12 01:50:17.942 [info] > git rev-parse --show-toplevel [46ms]
2025-06-12 01:50:18.027 [info] > git rev-parse --show-toplevel [31ms]
2025-06-12 01:50:18.366 [info] > git rev-parse --show-toplevel [302ms]
2025-06-12 01:50:18.477 [info] [Model][doInitialScan] Initial repository scan completed - repositories (1), closed repositories (0), parent repositories (0), unsafe repositories (0)
2025-06-12 01:50:19.015 [info] > git status -z -uall [1387ms]
2025-06-12 01:50:19.023 [info] > git show --textconv :src/hello.jsx [352ms]
2025-06-12 01:50:19.090 [info] > git ls-files --stage -- src/hello.jsx [297ms]
2025-06-12 01:50:22.364 [info] > git for-each-ref --format=%(refname)%00%(upstream:short)%00%(objectname)%00%(upstream:track)%00%(upstream:remotename)%00%(upstream:remoteref) refs/heads/main refs/remotes/main [2696ms]
2025-06-12 01:50:22.401 [info] > git cat-file -s 9459fa2a4dfab4f5e83925aa284fd6363c193329 [3253ms]
2025-06-12 01:50:22.634 [info] > git config --get --local branch.main.vscode-merge-base [231ms]
2025-06-12 01:50:22.635 [warning] [Git][config] git config failed: Failed to execute git
2025-06-12 01:50:22.659 [info] > git config --get commit.template [335ms]
2025-06-12 01:50:22.862 [info] > git reflog main --grep-reflog=branch: Created from *. [205ms]
2025-06-12 01:50:23.209 [info] > git for-each-ref --format=%(refname)%00%(upstream:short)%00%(objectname)%00%(upstream:track)%00%(upstream:remotename)%00%(upstream:remoteref) refs/heads/main refs/remotes/main [352ms]
2025-06-12 01:50:23.736 [info] > git symbolic-ref --short refs/remotes/20250602/HEAD [617ms]
2025-06-12 01:50:23.736 [info] fatal: ref refs/remotes/20250602/HEAD is not a symbolic ref
2025-06-12 01:50:23.736 [warning] [Repository][getDefaultBranch] Failed to get default branch details: Failed to execute git.
2025-06-12 01:50:23.743 [info] > git for-each-ref --sort -committerdate --format %(refname)%00%(objectname)%00%(*objectname) [164ms]
2025-06-12 01:50:24.169 [info] > git status -z -uall [606ms]
2025-06-12 01:50:26.538 [info] > git check-ignore -v -z --stdin [2121ms]
2025-06-12 01:50:27.525 [info] > git blame --root --incremental f1c9699a590c56824b43a4753d4bbab254832526 -- src/hello.jsx [924ms]
2025-06-12 01:50:27.897 [info] > git check-ignore -v -z --stdin [8ms]
2025-06-12 01:50:29.616 [info] > git config --get commit.template [6ms]
2025-06-12 01:50:29.632 [info] > git for-each-ref --format=%(refname)%00%(upstream:short)%00%(objectname)%00%(upstream:track)%00%(upstream:remotename)%00%(upstream:remoteref) refs/heads/main refs/remotes/main [1ms]
2025-06-12 01:50:29.686 [info] > git for-each-ref --sort -committerdate --format %(refname)%00%(objectname)%00%(*objectname) [12ms]
2025-06-12 01:50:29.721 [info] > git status -z -uall [70ms]
2025-06-12 01:50:37.092 [info] > git config --get commit.template [41ms]
2025-06-12 01:50:37.094 [info] > git for-each-ref --format=%(refname)%00%(upstream:short)%00%(objectname)%00%(upstream:track)%00%(upstream:remotename)%00%(upstream:remoteref) refs/heads/main refs/remotes/main [3ms]
2025-06-12 01:50:37.153 [info] > git for-each-ref --sort -committerdate --format %(refname)%00%(objectname)%00%(*objectname) [23ms]
2025-06-12 01:50:37.216 [info] > git status -z -uall [97ms]
2025-06-12 01:50:38.043 [info] > git log --format=%H%n%aN%n%aE%n%at%n%ct%n%P%n%D%n%B -z --shortstat --diff-merges=first-parent -n50 --skip=0 --topo-order --decorate=full --stdin [14269ms]
2025-06-12 01:50:39.793 [info] > git check-ignore -v -z --stdin [18ms]
2025-06-12 01:50:50.183 [info] > git add -A -- . [9484ms]
2025-06-12 01:50:50.507 [info] > git -c user.useConfigOnly=true commit --quiet --allow-empty-message --file - [306ms]
2025-06-12 01:50:50.518 [info] > git config --get commit.template [3ms]
2025-06-12 01:50:50.543 [info] > git config --get commit.template [11ms]
2025-06-12 01:50:50.545 [info] > git for-each-ref --format=%(refname)%00%(upstream:short)%00%(objectname)%00%(upstream:track)%00%(upstream:remotename)%00%(upstream:remoteref) refs/heads/main refs/remotes/main [4ms]
2025-06-12 01:50:50.577 [info] > git for-each-ref --sort -committerdate --format %(refname)%00%(objectname)%00%(*objectname) [3ms]
2025-06-12 01:50:50.600 [info] > git status -z -uall [47ms]
2025-06-12 01:50:50.922 [info] > git config --get commit.template [211ms]
2025-06-12 01:50:50.969 [info] > git for-each-ref --format=%(refname)%00%(upstream:short)%00%(objectname)%00%(upstream:track)%00%(upstream:remotename)%00%(upstream:remoteref) refs/heads/main refs/remotes/main [4ms]
2025-06-12 01:50:51.055 [info] > git status -z -uall [66ms]
2025-06-12 01:50:51.055 [info] > git for-each-ref --sort -committerdate --format %(refname)%00%(objectname)%00%(*objectname) [36ms]
2025-06-12 01:50:51.231 [info] > git blame --root --incremental a9b357534b39614a716aef7d7cf162c878b2db07 -- src/hello.jsx [598ms]
2025-06-12 01:50:51.299 [info] > git config --get commit.template [12ms]
2025-06-12 01:50:51.316 [info] > git for-each-ref --format=%(refname)%00%(upstream:short)%00%(objectname)%00%(upstream:track)%00%(upstream:remotename)%00%(upstream:remoteref) refs/heads/main refs/remotes/main [7ms]
2025-06-12 01:50:51.387 [info] > git for-each-ref --sort -committerdate --format %(refname)%00%(objectname)%00%(*objectname) [14ms]
2025-06-12 01:50:51.405 [info] > git status -z -uall [78ms]
2025-06-12 01:50:51.791 [info] > git ls-files --stage -- src/hello.jsx [5ms]
2025-06-12 01:50:51.802 [info] > git cat-file -s aa1f8191010127d1c86d5dd08265486e9565a88a [3ms]
2025-06-12 01:50:51.830 [info] > git show --textconv :src/hello.jsx [15ms]
2025-06-12 01:50:51.943 [info] > git check-ignore -v -z --stdin [11ms]
2025-06-12 01:50:56.079 [info] > git config --get commit.template [4ms]
2025-06-12 01:50:56.097 [info] > git for-each-ref --format=%(refname)%00%(upstream:short)%00%(objectname)%00%(upstream:track)%00%(upstream:remotename)%00%(upstream:remoteref) refs/heads/main refs/remotes/main [5ms]
2025-06-12 01:50:56.121 [info] > git for-each-ref --sort -committerdate --format %(refname)%00%(objectname)%00%(*objectname) [2ms]
2025-06-12 01:50:56.149 [info] > git status -z -uall [42ms]
2025-06-12 01:51:00.349 [info] > git log --format=%H%n%aN%n%aE%n%at%n%ct%n%P%n%D%n%B -z --shortstat --diff-merges=first-parent -n50 --skip=0 --topo-order --decorate=full --stdin [9214ms]
2025-06-12 01:51:01.397 [info] > git config --get commit.template [10ms]
2025-06-12 01:51:01.399 [info] > git for-each-ref --format=%(refname)%00%(upstream:short)%00%(objectname)%00%(upstream:track)%00%(upstream:remotename)%00%(upstream:remoteref) refs/heads/main refs/remotes/main [3ms]
2025-06-12 01:51:01.437 [info] > git for-each-ref --sort -committerdate --format %(refname)%00%(objectname)%00%(*objectname) [18ms]
2025-06-12 01:51:01.453 [info] > git status -z -uall [46ms]
2025-06-12 01:51:06.496 [info] > git config --get commit.template [4ms]
2025-06-12 01:51:06.506 [info] > git for-each-ref --format=%(refname)%00%(upstream:short)%00%(objectname)%00%(upstream:track)%00%(upstream:remotename)%00%(upstream:remoteref) refs/heads/main refs/remotes/main [3ms]
2025-06-12 01:51:06.551 [info] > git status -z -uall [38ms]
2025-06-12 01:51:06.553 [info] > git for-each-ref --sort -committerdate --format %(refname)%00%(objectname)%00%(*objectname) [3ms]
2025-06-12 01:51:07.247 [info] > git check-ignore -v -z --stdin [18ms]
2025-06-12 01:51:11.156 [info] > git push [1788ms]
2025-06-12 01:51:11.156 [info] remote: Invalid username or password.
fatal: Authentication failed for 'https://github.com/skryu89/20250602.git/'
2025-06-12 01:51:11.181 [info] > git config --get commit.template [12ms]
2025-06-12 01:51:11.187 [info] > git for-each-ref --format=%(refname)%00%(upstream:short)%00%(objectname)%00%(upstream:track)%00%(upstream:remotename)%00%(upstream:remoteref) refs/heads/main refs/remotes/main [8ms]
2025-06-12 01:51:11.210 [info] > git for-each-ref --sort -committerdate --format %(refname)%00%(objectname)%00%(*objectname) [5ms]
2025-06-12 01:51:11.225 [info] > git status -z -uall [30ms]
2025-06-12 01:51:11.703 [info] > git config --get commit.template [6ms]
2025-06-12 01:51:11.714 [info] > git for-each-ref --format=%(refname)%00%(upstream:short)%00%(objectname)%00%(upstream:track)%00%(upstream:remotename)%00%(upstream:remoteref) refs/heads/main refs/remotes/main [3ms]
2025-06-12 01:51:11.736 [info] > git for-each-ref --sort -committerdate --format %(refname)%00%(objectname)%00%(*objectname) [5ms]
2025-06-12 01:51:11.751 [info] > git status -z -uall [32ms]
2025-06-12 01:51:16.769 [info] > git config --get commit.template [3ms]
2025-06-12 01:51:16.783 [info] > git for-each-ref --format=%(refname)%00%(upstream:short)%00%(objectname)%00%(upstream:track)%00%(upstream:remotename)%00%(upstream:remoteref) refs/heads/main refs/remotes/main [2ms]
2025-06-12 01:51:16.820 [info] > git for-each-ref --sort -committerdate --format %(refname)%00%(objectname)%00%(*objectname) [11ms]
2025-06-12 01:51:16.835 [info] > git status -z -uall [45ms]
2025-06-12 01:51:17.824 [info] > git config --get commit.template [9ms]
2025-06-12 01:51:17.827 [info] > git for-each-ref --format=%(refname)%00%(upstream:short)%00%(objectname)%00%(upstream:track)%00%(upstream:remotename)%00%(upstream:remoteref) refs/heads/main refs/remotes/main [3ms]
2025-06-12 01:51:17.870 [info] > git for-each-ref --sort -committerdate --format %(refname)%00%(objectname)%00%(*objectname) [3ms]
2025-06-12 01:51:17.909 [info] > git status -z -uall [69ms]
2025-06-12 01:51:21.985 [info] > git for-each-ref --format=%(refname)%00%(upstream:short)%00%(objectname)%00%(upstream:track)%00%(upstream:remotename)%00%(upstream:remoteref) refs/heads/main refs/remotes/main [2ms]
2025-06-12 01:51:21.986 [info] > git config --get commit.template [78ms]
2025-06-12 01:51:22.058 [info] > git status -z -uall [48ms]
2025-06-12 01:51:22.061 [info] > git for-each-ref --sort -committerdate --format %(refname)%00%(objectname)%00%(*objectname) [5ms]
2025-06-12 01:51:57.487 [info] > git config --get commit.template [21ms]
2025-06-12 01:51:57.490 [info] > git for-each-ref --format=%(refname)%00%(upstream:short)%00%(objectname)%00%(upstream:track)%00%(upstream:remotename)%00%(upstream:remoteref) refs/heads/main refs/remotes/main [11ms]
2025-06-12 01:51:57.545 [info] > git for-each-ref --sort -committerdate --format %(refname)%00%(objectname)%00%(*objectname) [18ms]
2025-06-12 01:51:57.887 [info] > git status -z -uall [382ms]
2025-06-12 01:52:02.998 [info] > git config --get commit.template [25ms]
2025-06-12 01:52:03.005 [info] > git for-each-ref --format=%(refname)%00%(upstream:short)%00%(objectname)%00%(upstream:track)%00%(upstream:remotename)%00%(upstream:remoteref) refs/heads/main refs/remotes/main [9ms]
2025-06-12 01:52:03.063 [info] > git for-each-ref --sort -committerdate --format %(refname)%00%(objectname)%00%(*objectname) [10ms]
2025-06-12 01:52:03.149 [info] > git status -z -uall [127ms]
